DEBUG:root:You have clicked Start button
DEBUG:root:You have clicked Attack button
DEBUG:root:Country (2, 1)is been attacked by player.
DEBUG:root:Human player conquered (2, 1). It used to belong to1
DEBUG:root:Country (3, 0)is been attacked by player.
DEBUG:root:Human player conquered (3, 0). It used to belong to3
DEBUG:root:Country (3, 2)is been attacked by player.
DEBUG:root:Attacking...
DEBUG:root:You have clicked Attack button
DEBUG:root:Country (2, 1)is been attacked by player.
DEBUG:root:Human player conquered (2, 1). It used to belong to2
DEBUG:root:Country (3, 2)is been attacked by player.
DEBUG:root:Attacking...
DEBUG:root:You have clicked Next_Turn button
DEBUG:root:You have clicked Next_Turn button
DEBUG:root:You have clicked Next_Turn button
DEBUG:root:You have clicked Next_Turn button
DEBUG:root:You have clicked Next_Turn button
DEBUG:root:You have clicked Next_Turn button
DEBUG:root:You have clicked Next_Turn button
DEBUG:root:You have clicked Next_Turn button
DEBUG:root:You have clicked Next_Turn button
DEBUG:root:You have clicked Next_Turn button
DEBUG:root:You have clicked Next_Turn button
DEBUG:root:You have clicked Next_Turn button
DEBUG:root:You have clicked Next_Turn button
DEBUG:root:You have clicked Next_Turn button
DEBUG:root:You have clicked Next_Turn button
DEBUG:root:You have clicked Next_Turn button
DEBUG:root:You have clicked Next_Turn button
DEBUG:root:You have clicked Next_Turn button
DEBUG:root:You have clicked Next_Turn button
DEBUG:root:You have clicked Next_Turn button
DEBUG:root:You have clicked Next_Turn button
DEBUG:root:You have clicked Next_Turn button
DEBUG:root:You have clicked Next_Turn button
DEBUG:root:You have clicked Next_Turn button
DEBUG:root:You have clicked Next_Turn button
DEBUG:root:You have clicked Next_Turn button
DEBUG:root:You have clicked Next_Turn button
DEBUG:root:You have clicked Next_Turn button
DEBUG:root:You have clicked Next_Turn button
DEBUG:root:You have clicked Next_Turn button
DEBUG:root:You have clicked Next_Turn button
DEBUG:root:You have clicked Next_Turn button
DEBUG:root:You have clicked Next_Turn button
DEBUG:root:You have clicked Next_Turn button
DEBUG:root:You have clicked Next_Turn button
DEBUG:root:You have clicked Next_Turn button
DEBUG:root:You have clicked Next_Turn button
DEBUG:root:You have clicked Next_Turn button
DEBUG:root:You have clicked Next_Turn button
DEBUG:root:You have clicked Next_Turn button
DEBUG:root:You have clicked Next_Turn button
DEBUG:root:You have clicked Next_Turn button
DEBUG:root:You have clicked Next_Turn button
DEBUG:root:You have clicked Next_Turn button
DEBUG:root:You have clicked Next_Turn button
DEBUG:root:You have clicked Next_Turn button
DEBUG:root:You have clicked Next_Turn button
DEBUG:root:You have clicked Next_Turn button
DEBUG:root:You have clicked Next_Turn button
DEBUG:root:You have clicked Next_Turn button
DEBUG:root:You have clicked Next_Turn button
DEBUG:root:You have clicked Next_Turn button
DEBUG:root:You have clicked Next_Turn button
DEBUG:root:You have clicked Next_Turn button
DEBUG:root:You have clicked Next_Turn button
DEBUG:root:You have clicked Next_Turn button
DEBUG:root:You have clicked Next_Turn button
DEBUG:root:You have clicked Next_Turn button
DEBUG:root:You have clicked Next_Turn button
DEBUG:root:You have clicked Next_Turn button
DEBUG:root:You have clicked Next_Turn button
DEBUG:root:You have clicked Next_Turn button
DEBUG:root:You have clicked Next_Turn button
DEBUG:root:You have clicked Next_Turn button
DEBUG:root:You have clicked Next_Turn button
DEBUG:root:You have clicked Next_Turn button
DEBUG:root:You have clicked Next_Turn button
DEBUG:root:You have clicked Next_Turn button
DEBUG:root:You have clicked Next_Turn button
DEBUG:root:You have clicked Next_Turn button
DEBUG:root:You have clicked Next_Turn button
DEBUG:root:You have clicked Next_Turn button
DEBUG:root:You have clicked Next_Turn button
DEBUG:root:You have clicked Next_Turn button
DEBUG:root:You have clicked Next_Turn button
DEBUG:root:You have clicked Next_Turn button
DEBUG:root:You have clicked Next_Turn button
DEBUG:root:You have clicked Next_Turn button
DEBUG:root:You have clicked Next_Turn button
DEBUG:root:You have clicked Next_Turn button
DEBUG:root:You have clicked Next_Turn button
DEBUG:root:You have clicked Next_Turn button
DEBUG:root:You have clicked Next_Turn button
DEBUG:root:You have clicked Next_Turn button
DEBUG:root:You have clicked Next_Turn button
DEBUG:root:You have clicked Attack button
DEBUG:root:Country (0, 4)is been attacked by player.
DEBUG:root:Attacking...
DEBUG:root:You have clicked Attack button
DEBUG:root:Country (0, 4)is been attacked by player.
DEBUG:root:Attacking...
DEBUG:root:You have clicked Attack button
DEBUG:root:Country (0, 4)is been attacked by player.
DEBUG:root:Human player conquered (0, 4). It used to belong to2
DEBUG:root:Attacking...
DEBUG:root:You have clicked Attack button
DEBUG:root:Country (0, 3)is been attacked by player.
DEBUG:root:Human player conquered (0, 3). It used to belong to2
DEBUG:root:Attacking...
DEBUG:root:You have clicked Attack button
DEBUG:root:Country (0, 2)is been attacked by player.
DEBUG:root:Human player conquered (0, 2). It used to belong to2
DEBUG:root:Attacking...
DEBUG:root:You have clicked Attack button
DEBUG:root:Country (0, 1)is been attacked by player.
DEBUG:root:Human player conquered (0, 1). It used to belong to2
DEBUG:root:Attacking...
DEBUG:root:You have clicked Attack button
DEBUG:root:Country (3, 4)is been attacked by player.
DEBUG:root:Attacking...
DEBUG:root:You have clicked Attack button
DEBUG:root:Country (3, 4)is been attacked by player.
DEBUG:root:Attacking...
DEBUG:root:You have clicked Attack button
DEBUG:root:Country (3, 4)is been attacked by player.
DEBUG:root:Attacking...
DEBUG:root:You have clicked Next_Turn button
DEBUG:root:You have clicked Next_Turn button
DEBUG:root:You have clicked Next_Turn button
DEBUG:root:You have clicked Next_Turn button
DEBUG:root:You have clicked Next_Turn button
DEBUG:root:You have clicked Next_Turn button
DEBUG:root:You have clicked Next_Turn button
DEBUG:root:You have clicked Next_Turn button
DEBUG:root:You have clicked Next_Turn button
DEBUG:root:You have clicked Next_Turn button
DEBUG:root:You have clicked Next_Turn button
DEBUG:root:You have clicked Next_Turn button
DEBUG:root:You have clicked Next_Turn button
DEBUG:root:You have clicked Next_Turn button
DEBUG:root:You have clicked Next_Turn button
DEBUG:root:You have clicked Next_Turn button
DEBUG:root:You have clicked Next_Turn button
DEBUG:root:You have clicked Next_Turn button
DEBUG:root:You have clicked Next_Turn button
DEBUG:root:You have clicked Next_Turn button
DEBUG:root:You have clicked Next_Turn button
DEBUG:root:You have clicked Next_Turn button
DEBUG:root:You have clicked Next_Turn button
DEBUG:root:You have clicked Next_Turn button
DEBUG:root:You have clicked Next_Turn button
DEBUG:root:You have clicked Next_Turn button
DEBUG:root:You have clicked Next_Turn button
DEBUG:root:You have clicked Next_Turn button
DEBUG:root:You have clicked Next_Turn button
DEBUG:root:You have clicked Next_Turn button
DEBUG:root:You have clicked Next_Turn button
DEBUG:root:You have clicked Next_Turn button
DEBUG:root:You have clicked Next_Turn button
DEBUG:root:You have clicked Next_Turn button
DEBUG:root:You have clicked Next_Turn button
DEBUG:root:You have clicked Next_Turn button
DEBUG:root:You have clicked Next_Turn button
DEBUG:root:You have clicked Next_Turn button
DEBUG:root:You have clicked Next_Turn button
DEBUG:root:You have clicked Next_Turn button
DEBUG:root:You have clicked Next_Turn button
DEBUG:root:You have clicked Next_Turn button
DEBUG:root:You have clicked Next_Turn button
DEBUG:root:You have clicked Next_Turn button
DEBUG:root:You have clicked Next_Turn button
DEBUG:root:You have clicked Next_Turn button
DEBUG:root:You have clicked Next_Turn button
DEBUG:root:You have clicked Next_Turn button
INFO:root:Exit game
