DEBUG:root:You have clicked Attack button
DEBUG:root:Attacking...
DEBUG:root:You have clicked Attack button
DEBUG:root:Attacking...
DEBUG:root:You have clicked Attack button
DEBUG:root:Attacking...
INFO:root:Exit game
DEBUG:root:You have clicked Attack button
DEBUG:root:You have clicked Attack button
DEBUG:root:Country array([ 1., 23.])is been attacked by player.
DEBUG:root:You have clicked Attack button
DEBUG:root:Country array([1, 6])is been attacked by player.
DEBUG:root:Attacking...
DEBUG:root:You have clicked Attack button
DEBUG:root:Country array([1, 6])is been attacked by player.
DEBUG:root:Attacking...
DEBUG:root:You have clicked Attack button
DEBUG:root:Country array([0, 5])is been attacked by player.
DEBUG:root:Country array([1, 4])is been attacked by player.
DEBUG:root:Country array([1, 6])is been attacked by player.
DEBUG:root:Attacking...
DEBUG:root:You have clicked Attack button
DEBUG:root:Country array([0, 5])is been attacked by player.
DEBUG:root:Country array([1, 4])is been attacked by player.
DEBUG:root:Country array([1, 6])is been attacked by player.
DEBUG:root:Country array([2, 5])is been attacked by player.
DEBUG:root:Attacking...
DEBUG:root:You have clicked Attack button
DEBUG:root:Attacking...
DEBUG:root:You have clicked Attack button
DEBUG:root:Country array([3, 5])is been attacked by player.
DEBUG:root:Attacking...
DEBUG:root:You have clicked Attack button
DEBUG:root:Country array([3, 5])is been attacked by player.
DEBUG:root:Attacking...
INFO:root:Exit game
DEBUG:root:You have clicked Attack button
DEBUG:root:Country array([ 1, 10])is been attacked by player.
DEBUG:root:Attacking...
INFO:root:Exit game
DEBUG:root:You have clicked Attack button
DEBUG:root:You have clicked Attack button
DEBUG:root:Country array([ 3, 24])is been attacked by player.
DEBUG:root:Human player conquered array([ 3, 24]). It used to belong toarray([[14,  7, 16, 18, 16,  7,  4,  9,  2, 23, 24, 19, 14, 13, 10, 20,
        24, 18, 14, 17,  6, 21, 10,  0,  8],
       [24, 17, 19,  0, 18, 21, 11, 19, 23,  4, 21,  7,  9, 24, 13,  1,
        22, 19,  3, 15, 11, 12, 12, 19, 22]])
DEBUG:root:Country array([ 4, 23])is been attacked by player.
DEBUG:root:Human player conquered array([ 4, 23]). It used to belong toarray([[12, 14, 17,  7, 22, 12,  9, 11,  6,  0,  1,  9, 11,  4,  3, 14,
         9, 12, 12, 11, 16,  2,  7, 20,  8],
       [10,  3, 16,  6, 23,  1, 14,  6,  4, 14, 15, 15, 14, 20, 24, 23,
        14, 13,  9, 16, 24,  9, 12, 21, 17]])
DEBUG:root:Attacking...
INFO:root:Exit game
DEBUG:root:You have clicked Attack button
DEBUG:root:Country array([ 1, 15])is been attacked by player.
DEBUG:root:Attacking...
DEBUG:root:You have clicked Attack button
DEBUG:root:Country array([ 1, 15])is been attacked by player.
DEBUG:root:Attacking...
DEBUG:root:You have clicked Attack button
DEBUG:root:Country array([ 1, 15])is been attacked by player.
DEBUG:root:Attacking...
DEBUG:root:You have clicked Attack button
DEBUG:root:Country array([ 1, 15])is been attacked by player.
DEBUG:root:Human player conquered array([ 1, 15]). It used to belong toarray([[ 7,  5, 15,  8, 14, 11,  0, 23,  8,  6,  7, 21,  5,  4,  0, 18,
         3, 20, 11,  4,  8,  0,  0,  8, 24],
       [12, 20, 18,  2, 23, 17,  0, 24, 11,  0, 22,  5, 24, 19,  2, 18,
         7, 13, 13, 16,  7, 23, 21, 22, 13]])
DEBUG:root:Country array([ 2, 14])is been attacked by player.
DEBUG:root:Human player conquered array([ 2, 14]). It used to belong toarray([[13, 14,  0,  4,  3, 15,  4,  9, 19,  1,  5, 21,  6, 21,  3, 20,
         8, 11,  5, 12, 10, 21,  6, 16, 20],
       [ 4, 21,  7, 19, 19,  1,  7, 16, 11, 23, 17,  1,  9, 17, 11, 20,
        13, 15, 11,  4,  0,  2,  7,  0, 19]])
DEBUG:root:Attacking...
INFO:root:Exit game
DEBUG:root:You have clicked Attack button
DEBUG:root:You have clicked Attack button
DEBUG:root:Country (0, 10)is been attacked by player.
DEBUG:root:Human player conquered (0, 10). It used to belong to13
DEBUG:root:You have clicked Attack button
DEBUG:root:Country (0, 9)is been attacked by player.
DEBUG:root:Human player conquered (0, 9). It used to belong to1
DEBUG:root:Country (1, 8)is been attacked by player.
DEBUG:root:Human player conquered (1, 8). It used to belong to24
DEBUG:root:Attacking...
DEBUG:root:You have clicked Attack button
DEBUG:root:Country (0, 9)is been attacked by player.
DEBUG:root:Human player conquered (0, 9). It used to belong to0
DEBUG:root:Country (1, 8)is been attacked by player.
DEBUG:root:Attacking...
DEBUG:root:You have clicked Attack button
DEBUG:root:Country (1, 7)is been attacked by player.
DEBUG:root:Attacking...
DEBUG:root:You have clicked Attack button
DEBUG:root:Country (1, 7)is been attacked by player.
DEBUG:root:Attacking...
DEBUG:root:You have clicked Attack button
DEBUG:root:Country (1, 7)is been attacked by player.
DEBUG:root:Human player conquered (1, 7). It used to belong to14
DEBUG:root:Country (1, 9)is been attacked by player.
DEBUG:root:Attacking...
DEBUG:root:You have clicked Attack button
DEBUG:root:Country (1, 7)is been attacked by player.
DEBUG:root:Attacking...
DEBUG:root:You have clicked Attack button
DEBUG:root:Country (1, 7)is been attacked by player.
DEBUG:root:Attacking...
DEBUG:root:You have clicked Attack button
DEBUG:root:Country (1, 7)is been attacked by player.
DEBUG:root:Attacking...
DEBUG:root:You have clicked Attack button
DEBUG:root:Country (1, 7)is been attacked by player.
DEBUG:root:Human player conquered (1, 7). It used to belong to0
DEBUG:root:Country (1, 9)is been attacked by player.
DEBUG:root:Attacking...
DEBUG:root:You have clicked Attack button
DEBUG:root:Country (1, 7)is been attacked by player.
DEBUG:root:Attacking...
DEBUG:root:You have clicked Attack button
DEBUG:root:Country (1, 7)is been attacked by player.
DEBUG:root:Attacking...
DEBUG:root:You have clicked Attack button
DEBUG:root:Country (1, 7)is been attacked by player.
DEBUG:root:Attacking...
DEBUG:root:You have clicked Attack button
DEBUG:root:Country (1, 7)is been attacked by player.
DEBUG:root:Human player conquered (1, 7). It used to belong to0
DEBUG:root:Country (1, 9)is been attacked by player.
DEBUG:root:Attacking...
DEBUG:root:You have clicked Attack button
DEBUG:root:Country (1, 7)is been attacked by player.
DEBUG:root:Human player conquered (1, 7). It used to belong to0
DEBUG:root:Country (1, 9)is been attacked by player.
DEBUG:root:Attacking...
DEBUG:root:You have clicked Attack button
DEBUG:root:Country (1, 7)is been attacked by player.
DEBUG:root:Human player conquered (1, 7). It used to belong to0
DEBUG:root:Country (1, 9)is been attacked by player.
DEBUG:root:Human player conquered (1, 9). It used to belong to12
DEBUG:root:Country (2, 8)is been attacked by player.
DEBUG:root:Attacking...
DEBUG:root:You have clicked Attack button
DEBUG:root:Country (1, 7)is been attacked by player.
DEBUG:root:Attacking...
DEBUG:root:You have clicked Attack button
DEBUG:root:Country (1, 7)is been attacked by player.
DEBUG:root:Attacking...
DEBUG:root:You have clicked Attack button
DEBUG:root:Country (1, 7)is been attacked by player.
DEBUG:root:Human player conquered (1, 7). It used to belong to0
DEBUG:root:Country (1, 9)is been attacked by player.
DEBUG:root:Human player conquered (1, 9). It used to belong to0
DEBUG:root:Country (2, 8)is been attacked by player.
DEBUG:root:Human player conquered (2, 8). It used to belong to4
DEBUG:root:Attacking...
DEBUG:root:You have clicked Attack button
DEBUG:root:Country (1, 7)is been attacked by player.
DEBUG:root:Human player conquered (1, 7). It used to belong to0
DEBUG:root:Country (1, 9)is been attacked by player.
DEBUG:root:Human player conquered (1, 9). It used to belong to0
DEBUG:root:Country (2, 8)is been attacked by player.
DEBUG:root:Attacking...
DEBUG:root:You have clicked Attack button
DEBUG:root:Country (1, 7)is been attacked by player.
DEBUG:root:Human player conquered (1, 7). It used to belong to0
DEBUG:root:Country (1, 9)is been attacked by player.
DEBUG:root:Human player conquered (1, 9). It used to belong to0
DEBUG:root:Country (2, 8)is been attacked by player.
DEBUG:root:Human player conquered (2, 8). It used to belong to0
DEBUG:root:Attacking...
DEBUG:root:You have clicked Attack button
DEBUG:root:Country (1, 7)is been attacked by player.
DEBUG:root:Human player conquered (1, 7). It used to belong to0
DEBUG:root:Country (1, 9)is been attacked by player.
DEBUG:root:Human player conquered (1, 9). It used to belong to0
DEBUG:root:Country (2, 8)is been attacked by player.
DEBUG:root:Attacking...
DEBUG:root:You have clicked Attack button
DEBUG:root:Country (1, 7)is been attacked by player.
DEBUG:root:Attacking...
DEBUG:root:You have clicked Attack button
DEBUG:root:Country (1, 7)is been attacked by player.
DEBUG:root:Human player conquered (1, 7). It used to belong to0
DEBUG:root:Country (1, 9)is been attacked by player.
DEBUG:root:Attacking...
DEBUG:root:You have clicked Attack button
DEBUG:root:Country (2, 7)is been attacked by player.
DEBUG:root:Attacking...
DEBUG:root:You have clicked Attack button
DEBUG:root:Country (2, 7)is been attacked by player.
DEBUG:root:Attacking...
DEBUG:root:You have clicked Attack button
DEBUG:root:Country (2, 7)is been attacked by player.
DEBUG:root:Human player conquered (2, 7). It used to belong to24
DEBUG:root:Country (2, 9)is been attacked by player.
DEBUG:root:Attacking...
DEBUG:root:You have clicked Attack button
DEBUG:root:Country (2, 7)is been attacked by player.
DEBUG:root:Attacking...
DEBUG:root:You have clicked Attack button
DEBUG:root:Country (2, 7)is been attacked by player.
DEBUG:root:Human player conquered (2, 7). It used to belong to0
DEBUG:root:Country (2, 9)is been attacked by player.
DEBUG:root:Human player conquered (2, 9). It used to belong to8
DEBUG:root:Country (3, 8)is been attacked by player.
DEBUG:root:Attacking...
DEBUG:root:You have clicked Attack button
DEBUG:root:Country (2, 7)is been attacked by player.
DEBUG:root:Human player conquered (2, 7). It used to belong to0
DEBUG:root:Country (2, 9)is been attacked by player.
DEBUG:root:Attacking...
DEBUG:root:You have clicked Attack button
DEBUG:root:Country (2, 7)is been attacked by player.
DEBUG:root:Attacking...
DEBUG:root:You have clicked Attack button
DEBUG:root:Country (2, 7)is been attacked by player.
DEBUG:root:Attacking...
DEBUG:root:You have clicked Attack button
DEBUG:root:Country (2, 7)is been attacked by player.
DEBUG:root:Human player conquered (2, 7). It used to belong to0
DEBUG:root:Country (2, 9)is been attacked by player.
DEBUG:root:Attacking...
DEBUG:root:You have clicked Attack button
DEBUG:root:Country (2, 7)is been attacked by player.
DEBUG:root:Attacking...
DEBUG:root:You have clicked Attack button
DEBUG:root:Country (2, 7)is been attacked by player.
DEBUG:root:Attacking...
DEBUG:root:You have clicked Attack button
DEBUG:root:Country (2, 7)is been attacked by player.
DEBUG:root:Human player conquered (2, 7). It used to belong to0
DEBUG:root:Country (2, 9)is been attacked by player.
DEBUG:root:Human player conquered (2, 9). It used to belong to0
DEBUG:root:Country (3, 8)is been attacked by player.
DEBUG:root:Human player conquered (3, 8). It used to belong to16
DEBUG:root:Attacking...
DEBUG:root:You have clicked Attack button
DEBUG:root:Country (2, 7)is been attacked by player.
DEBUG:root:Human player conquered (2, 7). It used to belong to0
DEBUG:root:Country (2, 9)is been attacked by player.
DEBUG:root:Human player conquered (2, 9). It used to belong to0
DEBUG:root:Country (3, 8)is been attacked by player.
DEBUG:root:Human player conquered (3, 8). It used to belong to0
DEBUG:root:Attacking...
DEBUG:root:You have clicked Attack button
DEBUG:root:Country (22, 24)is been attacked by player.
DEBUG:root:Attacking...
DEBUG:root:You have clicked Attack button
DEBUG:root:Country (22, 24)is been attacked by player.
DEBUG:root:Human player conquered (22, 24). It used to belong to20
DEBUG:root:Country (23, 23)is been attacked by player.
DEBUG:root:Attacking...
DEBUG:root:You have clicked Attack button
DEBUG:root:Country (22, 24)is been attacked by player.
DEBUG:root:Attacking...
DEBUG:root:You have clicked Attack button
DEBUG:root:Country (22, 24)is been attacked by player.
DEBUG:root:Attacking...
DEBUG:root:You have clicked Attack button
DEBUG:root:Country (22, 24)is been attacked by player.
DEBUG:root:Attacking...
DEBUG:root:You have clicked Attack button
DEBUG:root:Country (22, 24)is been attacked by player.
DEBUG:root:Human player conquered (22, 24). It used to belong to0
DEBUG:root:Country (23, 23)is been attacked by player.
DEBUG:root:Human player conquered (23, 23). It used to belong to11
DEBUG:root:Country (24, 24)is been attacked by player.
DEBUG:root:Human player conquered (24, 24). It used to belong to22
DEBUG:root:Attacking...
DEBUG:root:You have clicked Attack button
DEBUG:root:Country (22, 24)is been attacked by player.
DEBUG:root:Human player conquered (22, 24). It used to belong to0
DEBUG:root:Country (23, 23)is been attacked by player.
DEBUG:root:Human player conquered (23, 23). It used to belong to0
DEBUG:root:Country (24, 24)is been attacked by player.
DEBUG:root:Human player conquered (24, 24). It used to belong to0
DEBUG:root:Attacking...
DEBUG:root:You have clicked Attack button
DEBUG:root:Attacking...
DEBUG:root:You have clicked Attack button
DEBUG:root:Country (21, 24)is been attacked by player.
DEBUG:root:Attacking...
DEBUG:root:You have clicked Attack button
DEBUG:root:Country (21, 24)is been attacked by player.
DEBUG:root:Attacking...
DEBUG:root:You have clicked Attack button
DEBUG:root:Country (21, 24)is been attacked by player.
DEBUG:root:Human player conquered (21, 24). It used to belong to21
DEBUG:root:Country (22, 23)is been attacked by player.
DEBUG:root:Human player conquered (22, 23). It used to belong to15
DEBUG:root:Attacking...
DEBUG:root:You have clicked Attack button
DEBUG:root:Country (21, 24)is been attacked by player.
DEBUG:root:Attacking...
DEBUG:root:You have clicked Attack button
DEBUG:root:Country (7, 22)is been attacked by player.
DEBUG:root:Human player conquered (7, 22). It used to belong to12
DEBUG:root:Country (8, 21)is been attacked by player.
DEBUG:root:Attacking...
DEBUG:root:You have clicked Attack button
DEBUG:root:Country (7, 22)is been attacked by player.
DEBUG:root:Attacking...
DEBUG:root:You have clicked Attack button
DEBUG:root:Country (7, 22)is been attacked by player.
DEBUG:root:Human player conquered (7, 22). It used to belong to0
DEBUG:root:Country (8, 21)is been attacked by player.
DEBUG:root:Human player conquered (8, 21). It used to belong to2
DEBUG:root:Country (8, 23)is been attacked by player.
DEBUG:root:Human player conquered (8, 23). It used to belong to19
DEBUG:root:Country (9, 22)is been attacked by player.
DEBUG:root:Attacking...
DEBUG:root:You have clicked Attack button
DEBUG:root:Country (7, 22)is been attacked by player.
DEBUG:root:Attacking...
DEBUG:root:You have clicked Attack button
DEBUG:root:Country (7, 22)is been attacked by player.
DEBUG:root:Attacking...
DEBUG:root:You have clicked Attack button
DEBUG:root:Country (7, 22)is been attacked by player.
DEBUG:root:Human player conquered (7, 22). It used to belong to0
DEBUG:root:Country (8, 21)is been attacked by player.
DEBUG:root:Attacking...
DEBUG:root:You have clicked Attack button
DEBUG:root:Country (7, 22)is been attacked by player.
DEBUG:root:Attacking...
DEBUG:root:You have clicked Attack button
DEBUG:root:Country (7, 22)is been attacked by player.
DEBUG:root:Human player conquered (7, 22). It used to belong to0
DEBUG:root:Country (8, 21)is been attacked by player.
DEBUG:root:Attacking...
DEBUG:root:You have clicked Attack button
DEBUG:root:Country (7, 22)is been attacked by player.
DEBUG:root:Attacking...
DEBUG:root:You have clicked Attack button
DEBUG:root:Country (7, 22)is been attacked by player.
DEBUG:root:Attacking...
DEBUG:root:You have clicked Attack button
DEBUG:root:Country (7, 22)is been attacked by player.
DEBUG:root:Human player conquered (7, 22). It used to belong to0
DEBUG:root:Country (8, 21)is been attacked by player.
DEBUG:root:Attacking...
DEBUG:root:You have clicked Attack button
DEBUG:root:Country (7, 22)is been attacked by player.
DEBUG:root:Human player conquered (7, 22). It used to belong to0
DEBUG:root:Country (8, 21)is been attacked by player.
DEBUG:root:Human player conquered (8, 21). It used to belong to0
DEBUG:root:Country (8, 23)is been attacked by player.
DEBUG:root:Attacking...
DEBUG:root:You have clicked Attack button
DEBUG:root:Country (7, 22)is been attacked by player.
DEBUG:root:Human player conquered (7, 22). It used to belong to0
DEBUG:root:Country (8, 21)is been attacked by player.
DEBUG:root:Attacking...
DEBUG:root:You have clicked Attack button
DEBUG:root:Country (7, 22)is been attacked by player.
DEBUG:root:Human player conquered (7, 22). It used to belong to0
DEBUG:root:Country (8, 21)is been attacked by player.
DEBUG:root:Human player conquered (8, 21). It used to belong to0
DEBUG:root:Country (8, 23)is been attacked by player.
DEBUG:root:Attacking...
DEBUG:root:You have clicked Attack button
DEBUG:root:Country (7, 22)is been attacked by player.
DEBUG:root:Human player conquered (7, 22). It used to belong to0
DEBUG:root:Country (8, 21)is been attacked by player.
DEBUG:root:Human player conquered (8, 21). It used to belong to0
DEBUG:root:Country (8, 23)is been attacked by player.
DEBUG:root:Human player conquered (8, 23). It used to belong to0
DEBUG:root:Country (9, 22)is been attacked by player.
DEBUG:root:Human player conquered (9, 22). It used to belong to9
DEBUG:root:Attacking...
DEBUG:root:You have clicked Attack button
DEBUG:root:Country (7, 22)is been attacked by player.
DEBUG:root:Human player conquered (7, 22). It used to belong to0
DEBUG:root:Country (8, 21)is been attacked by player.
DEBUG:root:Human player conquered (8, 21). It used to belong to0
DEBUG:root:Country (8, 23)is been attacked by player.
DEBUG:root:Attacking...
DEBUG:root:You have clicked Attack button
DEBUG:root:Country (13, 14)is been attacked by player.
DEBUG:root:Human player conquered (13, 14). It used to belong to13
DEBUG:root:Country (14, 13)is been attacked by player.
DEBUG:root:Attacking...
DEBUG:root:You have clicked Attack button
DEBUG:root:Country (13, 14)is been attacked by player.
DEBUG:root:Attacking...
DEBUG:root:You have clicked Attack button
DEBUG:root:Country (13, 14)is been attacked by player.
DEBUG:root:Human player conquered (13, 14). It used to belong to0
DEBUG:root:Country (14, 13)is been attacked by player.
DEBUG:root:Attacking...
DEBUG:root:You have clicked Attack button
DEBUG:root:Country (13, 14)is been attacked by player.
DEBUG:root:Human player conquered (13, 14). It used to belong to0
DEBUG:root:Country (14, 13)is been attacked by player.
DEBUG:root:Human player conquered (14, 13). It used to belong to10
DEBUG:root:Country (14, 15)is been attacked by player.
DEBUG:root:Attacking...
DEBUG:root:You have clicked Attack button
DEBUG:root:Country (13, 14)is been attacked by player.
DEBUG:root:Attacking...
DEBUG:root:You have clicked Attack button
DEBUG:root:Country (13, 14)is been attacked by player.
DEBUG:root:Attacking...
DEBUG:root:You have clicked Attack button
DEBUG:root:Country (13, 14)is been attacked by player.
DEBUG:root:Attacking...
DEBUG:root:You have clicked Attack button
DEBUG:root:Country (13, 14)is been attacked by player.
DEBUG:root:Human player conquered (13, 14). It used to belong to0
DEBUG:root:Country (14, 13)is been attacked by player.
DEBUG:root:Human player conquered (14, 13). It used to belong to0
DEBUG:root:Country (14, 15)is been attacked by player.
DEBUG:root:Human player conquered (14, 15). It used to belong to13
DEBUG:root:Country (15, 14)is been attacked by player.
DEBUG:root:Attacking...
DEBUG:root:You have clicked Attack button
DEBUG:root:Country (13, 14)is been attacked by player.
DEBUG:root:Attacking...
DEBUG:root:You have clicked Attack button
DEBUG:root:Country (13, 14)is been attacked by player.
DEBUG:root:Attacking...
DEBUG:root:You have clicked Attack button
DEBUG:root:Country (13, 14)is been attacked by player.
DEBUG:root:Human player conquered (13, 14). It used to belong to0
DEBUG:root:Country (14, 13)is been attacked by player.
DEBUG:root:Human player conquered (14, 13). It used to belong to0
DEBUG:root:Country (14, 15)is been attacked by player.
DEBUG:root:Attacking...
DEBUG:root:You have clicked Attack button
DEBUG:root:Country (13, 14)is been attacked by player.
DEBUG:root:Human player conquered (13, 14). It used to belong to0
DEBUG:root:Country (14, 13)is been attacked by player.
DEBUG:root:Human player conquered (14, 13). It used to belong to0
DEBUG:root:Country (14, 15)is been attacked by player.
DEBUG:root:Attacking...
DEBUG:root:You have clicked Attack button
DEBUG:root:Country (13, 14)is been attacked by player.
DEBUG:root:Attacking...
DEBUG:root:You have clicked Attack button
DEBUG:root:Country (13, 14)is been attacked by player.
DEBUG:root:Attacking...
DEBUG:root:You have clicked Attack button
DEBUG:root:Country (13, 14)is been attacked by player.
DEBUG:root:Attacking...
DEBUG:root:You have clicked Attack button
DEBUG:root:Country (13, 14)is been attacked by player.
DEBUG:root:Human player conquered (13, 14). It used to belong to0
DEBUG:root:Country (14, 13)is been attacked by player.
DEBUG:root:Human player conquered (14, 13). It used to belong to0
DEBUG:root:Country (14, 15)is been attacked by player.
DEBUG:root:Attacking...
DEBUG:root:You have clicked Attack button
DEBUG:root:Country (13, 14)is been attacked by player.
DEBUG:root:Human player conquered (13, 14). It used to belong to0
DEBUG:root:Country (14, 13)is been attacked by player.
DEBUG:root:Human player conquered (14, 13). It used to belong to0
DEBUG:root:Country (14, 15)is been attacked by player.
DEBUG:root:Human player conquered (14, 15). It used to belong to0
DEBUG:root:Country (15, 14)is been attacked by player.
DEBUG:root:Human player conquered (15, 14). It used to belong to24
DEBUG:root:Attacking...
DEBUG:root:You have clicked Attack button
DEBUG:root:Country (13, 14)is been attacked by player.
DEBUG:root:Attacking...
INFO:root:Exit game
DEBUG:root:You have clicked Attack button
DEBUG:root:Country (2, 0)is been attacked by player.
DEBUG:root:Human player conquered (2, 0). It used to belong to2
DEBUG:root:Country (4, 0)is been attacked by player.
DEBUG:root:Human player conquered (4, 0). It used to belong to3
DEBUG:root:Attacking...
DEBUG:root:You have clicked Attack button
DEBUG:root:Country (2, 1)is been attacked by player.
DEBUG:root:Human player conquered (2, 1). It used to belong to1
DEBUG:root:Country (4, 1)is been attacked by player.
DEBUG:root:Attacking...
DEBUG:root:You have clicked Attack button
DEBUG:root:Country (2, 1)is been attacked by player.
DEBUG:root:Human player conquered (2, 1). It used to belong to0
DEBUG:root:Country (4, 1)is been attacked by player.
DEBUG:root:Human player conquered (4, 1). It used to belong to4
DEBUG:root:Attacking...
DEBUG:root:You have clicked Attack button
DEBUG:root:Country (2, 2)is been attacked by player.
DEBUG:root:Human player conquered (2, 2). It used to belong to2
DEBUG:root:Country (3, 3)is been attacked by player.
DEBUG:root:Attacking...
DEBUG:root:You have clicked Attack button
DEBUG:root:Country (2, 2)is been attacked by player.
DEBUG:root:Human player conquered (2, 2). It used to belong to0
DEBUG:root:Country (3, 3)is been attacked by player.
DEBUG:root:Human player conquered (3, 3). It used to belong to2
DEBUG:root:Country (4, 2)is been attacked by player.
DEBUG:root:Human player conquered (4, 2). It used to belong to1
DEBUG:root:Attacking...
DEBUG:root:You have clicked Attack button
DEBUG:root:Country (2, 3)is been attacked by player.
DEBUG:root:Attacking...
DEBUG:root:You have clicked Attack button
DEBUG:root:Country (2, 3)is been attacked by player.
DEBUG:root:Attacking...
DEBUG:root:You have clicked Attack button
DEBUG:root:Country (2, 3)is been attacked by player.
DEBUG:root:Human player conquered (2, 3). It used to belong to3
DEBUG:root:Country (3, 4)is been attacked by player.
DEBUG:root:Human player conquered (3, 4). It used to belong to4
DEBUG:root:Country (4, 3)is been attacked by player.
DEBUG:root:Attacking...
DEBUG:root:You have clicked Attack button
DEBUG:root:Country (2, 3)is been attacked by player.
DEBUG:root:Human player conquered (2, 3). It used to belong to0
DEBUG:root:Country (3, 4)is been attacked by player.
DEBUG:root:Human player conquered (3, 4). It used to belong to0
DEBUG:root:Country (4, 3)is been attacked by player.
DEBUG:root:Human player conquered (4, 3). It used to belong to2
DEBUG:root:Attacking...
DEBUG:root:You have clicked Attack button
DEBUG:root:Attacking...
DEBUG:root:You have clicked Attack button
DEBUG:root:Attacking...
DEBUG:root:You have clicked Attack button
DEBUG:root:Attacking...
DEBUG:root:You have clicked Attack button
DEBUG:root:Attacking...
DEBUG:root:You have clicked Attack button
DEBUG:root:Attacking...
DEBUG:root:You have clicked Attack button
DEBUG:root:Attacking...
DEBUG:root:You have clicked Attack button
DEBUG:root:Attacking...
DEBUG:root:You have clicked Attack button
DEBUG:root:Country (2, 4)is been attacked by player.
DEBUG:root:Human player conquered (2, 4). It used to belong to4
DEBUG:root:Country (4, 4)is been attacked by player.
DEBUG:root:Attacking...
DEBUG:root:You have clicked Attack button
DEBUG:root:Country (2, 4)is been attacked by player.
DEBUG:root:Attacking...
DEBUG:root:You have clicked Attack button
DEBUG:root:Country (2, 4)is been attacked by player.
DEBUG:root:Human player conquered (2, 4). It used to belong to0
DEBUG:root:Country (4, 4)is been attacked by player.
DEBUG:root:Attacking...
DEBUG:root:You have clicked Attack button
DEBUG:root:Country (2, 4)is been attacked by player.
DEBUG:root:Attacking...
DEBUG:root:You have clicked Attack button
DEBUG:root:Country (2, 4)is been attacked by player.
DEBUG:root:Human player conquered (2, 4). It used to belong to0
DEBUG:root:Country (4, 4)is been attacked by player.
DEBUG:root:Human player conquered (4, 4). It used to belong to3
DEBUG:root:Attacking...
DEBUG:root:You have clicked Attack button
DEBUG:root:Attacking...
DEBUG:root:You have clicked Attack button
DEBUG:root:Country (0, 0)is been attacked by player.
DEBUG:root:Attacking...
DEBUG:root:You have clicked Attack button
DEBUG:root:Country (0, 0)is been attacked by player.
DEBUG:root:Attacking...
DEBUG:root:You have clicked Attack button
DEBUG:root:Country (0, 0)is been attacked by player.
DEBUG:root:Attacking...
DEBUG:root:You have clicked Attack button
DEBUG:root:Country (0, 0)is been attacked by player.
DEBUG:root:Attacking...
DEBUG:root:You have clicked Attack button
DEBUG:root:Country (0, 0)is been attacked by player.
DEBUG:root:Attacking...
DEBUG:root:You have clicked Attack button
DEBUG:root:Country (0, 0)is been attacked by player.
DEBUG:root:Attacking...
DEBUG:root:You have clicked Attack button
DEBUG:root:Country (0, 0)is been attacked by player.
DEBUG:root:Human player conquered (0, 0). It used to belong to4
DEBUG:root:Country (1, 1)is been attacked by player.
DEBUG:root:Attacking...
DEBUG:root:You have clicked Attack button
DEBUG:root:Country (0, 0)is been attacked by player.
DEBUG:root:Human player conquered (0, 0). It used to belong to0
DEBUG:root:Country (1, 1)is been attacked by player.
DEBUG:root:Human player conquered (1, 1). It used to belong to3
DEBUG:root:Attacking...
DEBUG:root:You have clicked Attack button
DEBUG:root:Country (0, 0)is been attacked by player.
DEBUG:root:Human player conquered (0, 0). It used to belong to0
DEBUG:root:Country (1, 1)is been attacked by player.
DEBUG:root:Human player conquered (1, 1). It used to belong to0
DEBUG:root:Attacking...
DEBUG:root:You have clicked Attack button
DEBUG:root:Country (0, 1)is been attacked by player.
DEBUG:root:Attacking...
DEBUG:root:You have clicked Attack button
DEBUG:root:Country (0, 1)is been attacked by player.
DEBUG:root:Attacking...
DEBUG:root:You have clicked Attack button
DEBUG:root:Country (0, 1)is been attacked by player.
DEBUG:root:Attacking...
DEBUG:root:You have clicked Attack button
DEBUG:root:Country (0, 1)is been attacked by player.
DEBUG:root:Human player conquered (0, 1). It used to belong to1
DEBUG:root:Country (0, 3)is been attacked by player.
DEBUG:root:Human player conquered (0, 3). It used to belong to3
DEBUG:root:Country (1, 2)is been attacked by player.
DEBUG:root:Attacking...
DEBUG:root:You have clicked Attack button
DEBUG:root:Country (0, 1)is been attacked by player.
DEBUG:root:Attacking...
DEBUG:root:You have clicked Attack button
DEBUG:root:Country (0, 1)is been attacked by player.
DEBUG:root:Human player conquered (0, 1). It used to belong to0
DEBUG:root:Country (0, 3)is been attacked by player.
DEBUG:root:Attacking...
DEBUG:root:You have clicked Attack button
DEBUG:root:Country (0, 1)is been attacked by player.
DEBUG:root:Attacking...
DEBUG:root:You have clicked Attack button
DEBUG:root:Country (0, 1)is been attacked by player.
DEBUG:root:Attacking...
DEBUG:root:You have clicked Attack button
DEBUG:root:Country (0, 1)is been attacked by player.
DEBUG:root:Attacking...
DEBUG:root:You have clicked Attack button
DEBUG:root:Country (0, 1)is been attacked by player.
DEBUG:root:Attacking...
DEBUG:root:You have clicked Attack button
DEBUG:root:Country (0, 1)is been attacked by player.
DEBUG:root:Attacking...
DEBUG:root:You have clicked Attack button
DEBUG:root:Attacking...
DEBUG:root:You have clicked Attack button
DEBUG:root:Country (1, 3)is been attacked by player.
DEBUG:root:Attacking...
DEBUG:root:You have clicked Attack button
DEBUG:root:Country (1, 3)is been attacked by player.
DEBUG:root:Human player conquered (1, 3). It used to belong to4
DEBUG:root:Attacking...
DEBUG:root:You have clicked Attack button
DEBUG:root:Country (1, 3)is been attacked by player.
DEBUG:root:Attacking...
DEBUG:root:You have clicked Attack button
DEBUG:root:Country (1, 2)is been attacked by player.
DEBUG:root:Human player conquered (1, 2). It used to belong to1
DEBUG:root:Country (1, 4)is been attacked by player.
DEBUG:root:Human player conquered (1, 4). It used to belong to2
DEBUG:root:Attacking...
DEBUG:root:You have clicked Attack button
DEBUG:root:Country (1, 2)is been attacked by player.
DEBUG:root:Human player conquered (1, 2). It used to belong to0
DEBUG:root:Country (1, 4)is been attacked by player.
DEBUG:root:Attacking...
DEBUG:root:You have clicked Attack button
DEBUG:root:Attacking...
DEBUG:root:You have clicked Attack button
DEBUG:root:Country (0, 4)is been attacked by player.
DEBUG:root:Human player conquered (0, 4). It used to belong to1
DEBUG:root:Attacking...
DEBUG:root:You have clicked Next_Turn button
DEBUG:root:You have clicked Next_Turn button
DEBUG:root:You have clicked Next_Turn button
INFO:root:Exit game
DEBUG:root:You have clicked Attack button
DEBUG:root:Country (1, 4)is been attacked by player.
DEBUG:root:Human player conquered (1, 4). It used to belong to4
DEBUG:root:Country (2, 3)is been attacked by player.
DEBUG:root:Human player conquered (2, 3). It used to belong to1
DEBUG:root:Attacking...
DEBUG:root:You have clicked Attack button
DEBUG:root:Country (1, 4)is been attacked by player.
DEBUG:root:Attacking...
DEBUG:root:You have clicked Attack button
DEBUG:root:Country (1, 4)is been attacked by player.
DEBUG:root:Human player conquered (1, 4). It used to belong to0
DEBUG:root:Country (2, 3)is been attacked by player.
DEBUG:root:Attacking...
DEBUG:root:You have clicked Attack button
DEBUG:root:Country (1, 4)is been attacked by player.
DEBUG:root:Attacking...
DEBUG:root:You have clicked Attack button
DEBUG:root:Country (1, 4)is been attacked by player.
DEBUG:root:Human player conquered (1, 4). It used to belong to0
DEBUG:root:Country (2, 3)is been attacked by player.
DEBUG:root:Human player conquered (2, 3). It used to belong to0
DEBUG:root:Attacking...
DEBUG:root:You have clicked Attack button
DEBUG:root:Country (1, 4)is been attacked by player.
DEBUG:root:Human player conquered (1, 4). It used to belong to0
DEBUG:root:Country (2, 3)is been attacked by player.
DEBUG:root:Attacking...
DEBUG:root:You have clicked Attack button
DEBUG:root:Country (1, 4)is been attacked by player.
DEBUG:root:Human player conquered (1, 4). It used to belong to0
DEBUG:root:Country (2, 3)is been attacked by player.
DEBUG:root:Attacking...
DEBUG:root:You have clicked Next_Turn button
DEBUG:root:You have clicked Next_Turn button
DEBUG:root:You have clicked Next_Turn button
DEBUG:root:You have clicked Next_Turn button
DEBUG:root:You have clicked Next_Turn button
DEBUG:root:You have clicked Next_Turn button
DEBUG:root:You have clicked Next_Turn button
DEBUG:root:You have clicked Next_Turn button
DEBUG:root:You have clicked Next_Turn button
DEBUG:root:You have clicked Next_Turn button
DEBUG:root:You have clicked Next_Turn button
DEBUG:root:You have clicked Next_Turn button
DEBUG:root:You have clicked Next_Turn button
DEBUG:root:You have clicked Next_Turn button
DEBUG:root:You have clicked Next_Turn button
DEBUG:root:You have clicked Next_Turn button
DEBUG:root:You have clicked Next_Turn button
DEBUG:root:You have clicked Next_Turn button
DEBUG:root:You have clicked Next_Turn button
DEBUG:root:You have clicked Next_Turn button
DEBUG:root:You have clicked Next_Turn button
DEBUG:root:You have clicked Next_Turn button
DEBUG:root:You have clicked Next_Turn button
DEBUG:root:You have clicked Next_Turn button
DEBUG:root:You have clicked Next_Turn button
DEBUG:root:You have clicked Next_Turn button
DEBUG:root:You have clicked Next_Turn button
DEBUG:root:You have clicked Next_Turn button
DEBUG:root:You have clicked Next_Turn button
DEBUG:root:You have clicked Next_Turn button
DEBUG:root:You have clicked Next_Turn button
DEBUG:root:You have clicked Next_Turn button
DEBUG:root:You have clicked Next_Turn button
DEBUG:root:You have clicked Next_Turn button
DEBUG:root:You have clicked Next_Turn button
DEBUG:root:You have clicked Next_Turn button
DEBUG:root:You have clicked Next_Turn button
DEBUG:root:You have clicked Next_Turn button
DEBUG:root:You have clicked Next_Turn button
DEBUG:root:You have clicked Next_Turn button
DEBUG:root:You have clicked Next_Turn button
DEBUG:root:You have clicked Next_Turn button
DEBUG:root:You have clicked Next_Turn button
DEBUG:root:You have clicked Next_Turn button
DEBUG:root:You have clicked Next_Turn button
DEBUG:root:You have clicked Next_Turn button
DEBUG:root:You have clicked Next_Turn button
DEBUG:root:You have clicked Next_Turn button
DEBUG:root:You have clicked Next_Turn button
DEBUG:root:You have clicked Next_Turn button
DEBUG:root:You have clicked Next_Turn button
DEBUG:root:You have clicked Next_Turn button
DEBUG:root:You have clicked Next_Turn button
DEBUG:root:You have clicked Next_Turn button
DEBUG:root:You have clicked Next_Turn button
DEBUG:root:You have clicked Next_Turn button
DEBUG:root:You have clicked Next_Turn button
DEBUG:root:You have clicked Next_Turn button
DEBUG:root:You have clicked Next_Turn button
DEBUG:root:You have clicked Next_Turn button
DEBUG:root:You have clicked Next_Turn button
DEBUG:root:You have clicked Next_Turn button
DEBUG:root:You have clicked Next_Turn button
DEBUG:root:You have clicked Next_Turn button
DEBUG:root:You have clicked Next_Turn button
DEBUG:root:You have clicked Next_Turn button
DEBUG:root:You have clicked Next_Turn button
DEBUG:root:You have clicked Next_Turn button
DEBUG:root:You have clicked Next_Turn button
DEBUG:root:You have clicked Next_Turn button
DEBUG:root:You have clicked Next_Turn button
DEBUG:root:You have clicked Next_Turn button
DEBUG:root:You have clicked Next_Turn button
DEBUG:root:You have clicked Next_Turn button
DEBUG:root:You have clicked Next_Turn button
DEBUG:root:You have clicked Next_Turn button
DEBUG:root:You have clicked Next_Turn button
DEBUG:root:You have clicked Next_Turn button
DEBUG:root:You have clicked Next_Turn button
DEBUG:root:You have clicked Next_Turn button
DEBUG:root:You have clicked Next_Turn button
DEBUG:root:You have clicked Next_Turn button
DEBUG:root:You have clicked Next_Turn button
DEBUG:root:You have clicked Next_Turn button
DEBUG:root:You have clicked Next_Turn button
DEBUG:root:You have clicked Next_Turn button
DEBUG:root:You have clicked Next_Turn button
DEBUG:root:You have clicked Next_Turn button
DEBUG:root:You have clicked Next_Turn button
DEBUG:root:You have clicked Next_Turn button
DEBUG:root:You have clicked Next_Turn button
DEBUG:root:You have clicked Next_Turn button
DEBUG:root:You have clicked Next_Turn button
DEBUG:root:You have clicked Next_Turn button
DEBUG:root:You have clicked Next_Turn button
INFO:root:Exit game
DEBUG:root:You have clicked Attack button
DEBUG:root:Country (1, 2)is been attacked by player.
DEBUG:root:Human player conquered (1, 2). It used to belong to4
DEBUG:root:Country (2, 1)is been attacked by player.
DEBUG:root:Human player conquered (2, 1). It used to belong to1
DEBUG:root:Attacking...
DEBUG:root:You have clicked Attack button
DEBUG:root:Country (0, 1)is been attacked by player.
DEBUG:root:Human player conquered (0, 1). It used to belong to4
DEBUG:root:Country (1, 0)is been attacked by player.
DEBUG:root:Attacking...
DEBUG:root:You have clicked Attack button
DEBUG:root:Country (0, 2)is been attacked by player.
DEBUG:root:Attacking...
DEBUG:root:You have clicked Attack button
DEBUG:root:Country (0, 2)is been attacked by player.
DEBUG:root:Human player conquered (0, 2). It used to belong to4
DEBUG:root:Country (1, 3)is been attacked by player.
DEBUG:root:Attacking...
DEBUG:root:You have clicked Attack button
DEBUG:root:Country (1, 4)is been attacked by player.
DEBUG:root:Attacking...
DEBUG:root:You have clicked Attack button
DEBUG:root:Country (1, 4)is been attacked by player.
DEBUG:root:Human player conquered (1, 4). It used to belong to3
DEBUG:root:Attacking...
DEBUG:root:You have clicked Attack button
DEBUG:root:Country (1, 3)is been attacked by player.
DEBUG:root:Attacking...
DEBUG:root:You have clicked Attack button
DEBUG:root:Country (1, 3)is been attacked by player.
DEBUG:root:Human player conquered (1, 3). It used to belong to3
DEBUG:root:Country (2, 4)is been attacked by player.
DEBUG:root:Attacking...
DEBUG:root:You have clicked Attack button
DEBUG:root:Country (1, 3)is been attacked by player.
DEBUG:root:Human player conquered (1, 3). It used to belong to3
DEBUG:root:Country (2, 4)is been attacked by player.
DEBUG:root:Attacking...
DEBUG:root:You have clicked Attack button
DEBUG:root:Country (1, 2)is been attacked by player.
DEBUG:root:Human player conquered (1, 2). It used to belong to3
DEBUG:root:Country (2, 3)is been attacked by player.
DEBUG:root:Human player conquered (2, 3). It used to belong to4
DEBUG:root:Attacking...
DEBUG:root:You have clicked Attack button
DEBUG:root:Country (2, 2)is been attacked by player.
DEBUG:root:Human player conquered (2, 2). It used to belong to4
DEBUG:root:Country (2, 4)is been attacked by player.
DEBUG:root:Attacking...
DEBUG:root:You have clicked Attack button
DEBUG:root:Country (2, 2)is been attacked by player.
DEBUG:root:Human player conquered (2, 2). It used to belong to0
DEBUG:root:Country (2, 4)is been attacked by player.
DEBUG:root:Attacking...
DEBUG:root:You have clicked Attack button
DEBUG:root:Country (2, 2)is been attacked by player.
DEBUG:root:Human player conquered (2, 2). It used to belong to0
DEBUG:root:Country (2, 4)is been attacked by player.
DEBUG:root:Attacking...
DEBUG:root:You have clicked Attack button
DEBUG:root:Country (2, 2)is been attacked by player.
DEBUG:root:Attacking...
DEBUG:root:You have clicked Attack button
DEBUG:root:Country (2, 2)is been attacked by player.
DEBUG:root:Attacking...
DEBUG:root:You have clicked Attack button
DEBUG:root:Country (2, 2)is been attacked by player.
DEBUG:root:Human player conquered (2, 2). It used to belong to0
DEBUG:root:Country (2, 4)is been attacked by player.
DEBUG:root:Human player conquered (2, 4). It used to belong to4
DEBUG:root:Country (3, 3)is been attacked by player.
DEBUG:root:Attacking...
DEBUG:root:You have clicked Attack button
DEBUG:root:Country (2, 2)is been attacked by player.
DEBUG:root:Attacking...
DEBUG:root:You have clicked Attack button
DEBUG:root:Country (2, 2)is been attacked by player.
DEBUG:root:Human player conquered (2, 2). It used to belong to0
DEBUG:root:Country (2, 4)is been attacked by player.
DEBUG:root:Human player conquered (2, 4). It used to belong to0
DEBUG:root:Country (3, 3)is been attacked by player.
DEBUG:root:Human player conquered (3, 3). It used to belong to4
DEBUG:root:Attacking...
DEBUG:root:You have clicked Attack button
DEBUG:root:Country (1, 2)is been attacked by player.
DEBUG:root:Human player conquered (1, 2). It used to belong to2
DEBUG:root:Country (2, 1)is been attacked by player.
DEBUG:root:Attacking...
DEBUG:root:You have clicked Next_Turn button
DEBUG:root:You have clicked Next_Turn button
DEBUG:root:You have clicked Next_Turn button
DEBUG:root:You have clicked Next_Turn button
DEBUG:root:You have clicked Next_Turn button
DEBUG:root:You have clicked Next_Turn button
DEBUG:root:You have clicked Next_Turn button
DEBUG:root:You have clicked Next_Turn button
DEBUG:root:You have clicked Next_Turn button
DEBUG:root:You have clicked Next_Turn button
DEBUG:root:You have clicked Next_Turn button
DEBUG:root:You have clicked Next_Turn button
DEBUG:root:You have clicked Next_Turn button
DEBUG:root:You have clicked Next_Turn button
DEBUG:root:You have clicked Next_Turn button
DEBUG:root:You have clicked Next_Turn button
DEBUG:root:You have clicked Next_Turn button
DEBUG:root:You have clicked Next_Turn button
DEBUG:root:You have clicked Next_Turn button
DEBUG:root:You have clicked Next_Turn button
INFO:root:Exit game
DEBUG:root:You have clicked Next_Turn button
DEBUG:root:You have clicked Next_Turn button
DEBUG:root:You have clicked Next_Turn button
DEBUG:root:You have clicked Next_Turn button
DEBUG:root:You have clicked Next_Turn button
DEBUG:root:You have clicked Next_Turn button
DEBUG:root:You have clicked Next_Turn button
DEBUG:root:You have clicked Next_Turn button
DEBUG:root:You have clicked Next_Turn button
DEBUG:root:You have clicked Next_Turn button
DEBUG:root:You have clicked Next_Turn button
DEBUG:root:You have clicked Next_Turn button
DEBUG:root:You have clicked Next_Turn button
DEBUG:root:You have clicked Next_Turn button
DEBUG:root:You have clicked Next_Turn button
DEBUG:root:You have clicked Next_Turn button
DEBUG:root:You have clicked Next_Turn button
DEBUG:root:You have clicked Next_Turn button
DEBUG:root:You have clicked Next_Turn button
DEBUG:root:You have clicked Next_Turn button
DEBUG:root:You have clicked Next_Turn button
DEBUG:root:You have clicked Next_Turn button
DEBUG:root:You have clicked Next_Turn button
DEBUG:root:You have clicked Next_Turn button
DEBUG:root:You have clicked Next_Turn button
DEBUG:root:You have clicked Next_Turn button
DEBUG:root:You have clicked Next_Turn button
DEBUG:root:You have clicked Next_Turn button
INFO:root:Exit game
DEBUG:root:You have clicked Attack button
DEBUG:root:Country (0, 0)is been attacked by player.
DEBUG:root:Attacking...
DEBUG:root:You have clicked Attack button
DEBUG:root:Country (0, 0)is been attacked by player.
DEBUG:root:Human player conquered (0, 0). It used to belong to2
DEBUG:root:Country (0, 2)is been attacked by player.
DEBUG:root:Attacking...
DEBUG:root:You have clicked Attack button
DEBUG:root:Country (0, 0)is been attacked by player.
DEBUG:root:Attacking...
DEBUG:root:You have clicked Attack button
DEBUG:root:Country (0, 0)is been attacked by player.
DEBUG:root:Human player conquered (0, 0). It used to belong to0
DEBUG:root:Country (0, 2)is been attacked by player.
DEBUG:root:Human player conquered (0, 2). It used to belong to4
DEBUG:root:Country (1, 1)is been attacked by player.
DEBUG:root:Human player conquered (1, 1). It used to belong to2
DEBUG:root:Attacking...
DEBUG:root:You have clicked Attack button
DEBUG:root:Attacking...
DEBUG:root:You have clicked Attack button
DEBUG:root:Attacking...
DEBUG:root:You have clicked Attack button
DEBUG:root:Attacking...
DEBUG:root:You have clicked Attack button
DEBUG:root:Attacking...
DEBUG:root:You have clicked Attack button
DEBUG:root:Attacking...
DEBUG:root:You have clicked Attack button
DEBUG:root:Attacking...
DEBUG:root:You have clicked Attack button
DEBUG:root:Attacking...
DEBUG:root:You have clicked Attack button
DEBUG:root:Attacking...
DEBUG:root:You have clicked Attack button
DEBUG:root:Country (2, 1)is been attacked by player.
DEBUG:root:Attacking...
DEBUG:root:You have clicked Attack button
DEBUG:root:Country (2, 1)is been attacked by player.
DEBUG:root:Attacking...
DEBUG:root:You have clicked Attack button
DEBUG:root:Country (2, 1)is been attacked by player.
DEBUG:root:Human player conquered (2, 1). It used to belong to2
DEBUG:root:Country (3, 2)is been attacked by player.
DEBUG:root:Human player conquered (3, 2). It used to belong to1
DEBUG:root:Country (4, 1)is been attacked by player.
DEBUG:root:Attacking...
DEBUG:root:You have clicked Attack button
DEBUG:root:Country (3, 1)is been attacked by player.
DEBUG:root:Attacking...
DEBUG:root:You have clicked Attack button
DEBUG:root:Country (3, 1)is been attacked by player.
DEBUG:root:Attacking...
DEBUG:root:You have clicked Attack button
DEBUG:root:Country (3, 1)is been attacked by player.
DEBUG:root:Human player conquered (3, 1). It used to belong to1
DEBUG:root:Attacking...
INFO:root:Exit game
DEBUG:root:You have clicked Attack button
DEBUG:root:Country (0, 3)is been attacked by player.
DEBUG:root:Attacking...
DEBUG:root:You have clicked Attack button
DEBUG:root:Country (0, 3)is been attacked by player.
DEBUG:root:Human player conquered (0, 3). It used to belong to1
DEBUG:root:Country (1, 4)is been attacked by player.
DEBUG:root:Human player conquered (1, 4). It used to belong to2
DEBUG:root:Attacking...
DEBUG:root:You have clicked Attack button
DEBUG:root:Country (1, 3)is been attacked by player.
DEBUG:root:Human player conquered (1, 3). It used to belong to2
DEBUG:root:Country (2, 4)is been attacked by player.
DEBUG:root:Attacking...
DEBUG:root:You have clicked Attack button
DEBUG:root:Country (1, 3)is been attacked by player.
DEBUG:root:Human player conquered (1, 3). It used to belong to0
DEBUG:root:Country (2, 4)is been attacked by player.
DEBUG:root:Attacking...
DEBUG:root:You have clicked Attack button
DEBUG:root:Country (1, 3)is been attacked by player.
DEBUG:root:Human player conquered (1, 3). It used to belong to2
DEBUG:root:Country (2, 4)is been attacked by player.
DEBUG:root:Human player conquered (2, 4). It used to belong to2
DEBUG:root:Attacking...
INFO:root:Exit game
DEBUG:root:You have clicked Attack button
DEBUG:root:Country (0, 1)is been attacked by player.
DEBUG:root:Human player conquered (0, 1). It used to belong to2
DEBUG:root:Country (1, 0)is been attacked by player.
DEBUG:root:Attacking...
DEBUG:root:You have clicked Attack button
DEBUG:root:Country (1, 3)is been attacked by player.
DEBUG:root:Human player conquered (1, 3). It used to belong to4
DEBUG:root:Country (2, 2)is been attacked by player.
DEBUG:root:Human player conquered (2, 2). It used to belong to2
DEBUG:root:Country (2, 4)is been attacked by player.
DEBUG:root:Human player conquered (2, 4). It used to belong to4
DEBUG:root:Country (3, 3)is been attacked by player.
DEBUG:root:Human player conquered (3, 3). It used to belong to4
DEBUG:root:Attacking...
DEBUG:root:You have clicked Attack button
DEBUG:root:Country (3, 4)is been attacked by player.
DEBUG:root:Attacking...
DEBUG:root:You have clicked Attack button
DEBUG:root:Country (1, 4)is been attacked by player.
DEBUG:root:Human player conquered (1, 4). It used to belong to4
DEBUG:root:Country (3, 4)is been attacked by player.
DEBUG:root:Human player conquered (3, 4). It used to belong to4
DEBUG:root:Attacking...
DEBUG:root:You have clicked Attack button
DEBUG:root:Country (4, 4)is been attacked by player.
DEBUG:root:Human player conquered (4, 4). It used to belong to4
DEBUG:root:Attacking...
DEBUG:root:You have clicked Attack button
DEBUG:root:Country (4, 3)is been attacked by player.
DEBUG:root:Human player conquered (4, 3). It used to belong to4
DEBUG:root:Attacking...
DEBUG:root:You have clicked Attack button
DEBUG:root:Country (4, 2)is been attacked by player.
DEBUG:root:Human player conquered (4, 2). It used to belong to2
DEBUG:root:Attacking...
DEBUG:root:You have clicked Attack button
DEBUG:root:Country (4, 1)is been attacked by player.
DEBUG:root:Attacking...
DEBUG:root:You have clicked Attack button
DEBUG:root:Country (0, 4)is been attacked by player.
DEBUG:root:Attacking...
DEBUG:root:You have clicked Attack button
DEBUG:root:Country (0, 4)is been attacked by player.
DEBUG:root:Human player conquered (0, 4). It used to belong to1
DEBUG:root:Attacking...
DEBUG:root:You have clicked Attack button
DEBUG:root:Country (0, 3)is been attacked by player.
DEBUG:root:Attacking...
DEBUG:root:You have clicked Attack button
DEBUG:root:Attacking...
DEBUG:root:You have clicked Attack button
DEBUG:root:Attacking...
DEBUG:root:You have clicked Attack button
DEBUG:root:Attacking...
DEBUG:root:You have clicked Attack button
DEBUG:root:Attacking...
DEBUG:root:You have clicked Attack button
DEBUG:root:Attacking...
DEBUG:root:You have clicked Attack button
DEBUG:root:Attacking...
DEBUG:root:You have clicked Attack button
DEBUG:root:Attacking...
DEBUG:root:You have clicked Attack button
DEBUG:root:Attacking...
DEBUG:root:You have clicked Attack button
DEBUG:root:Country (0, 3)is been attacked by player.
DEBUG:root:Human player conquered (0, 3). It used to belong to3
DEBUG:root:Attacking...
DEBUG:root:You have clicked Attack button
DEBUG:root:Country (0, 3)is been attacked by player.
DEBUG:root:Attacking...
INFO:root:Exit game
DEBUG:root:You have clicked Attack button
DEBUG:root:Country (1, 0)is been attacked by player.
DEBUG:root:Attacking...
DEBUG:root:You have clicked Attack button
DEBUG:root:Country (2, 1)is been attacked by player.
DEBUG:root:Human player conquered (2, 1). It used to belong to2
DEBUG:root:Attacking...
DEBUG:root:You have clicked Attack button
DEBUG:root:Country (2, 1)is been attacked by player.
DEBUG:root:Attacking...
INFO:root:Exit game
DEBUG:root:You have clicked Attack button
DEBUG:root:Country (1, 1)is been attacked by player.
DEBUG:root:Attacking...
DEBUG:root:You have clicked Attack button
DEBUG:root:Country (2, 3)is been attacked by player.
DEBUG:root:Human player conquered (2, 3). It used to belong to3
DEBUG:root:Country (3, 4)is been attacked by player.
DEBUG:root:Attacking...
DEBUG:root:You have clicked Attack button
DEBUG:root:Country (1, 4)is been attacked by player.
DEBUG:root:Attacking...
DEBUG:root:You have clicked Attack button
DEBUG:root:Country (1, 4)is been attacked by player.
DEBUG:root:Attacking...
DEBUG:root:You have clicked Attack button
DEBUG:root:Country (1, 4)is been attacked by player.
DEBUG:root:Human player conquered (1, 4). It used to belong to3
DEBUG:root:Attacking...
DEBUG:root:You have clicked Attack button
DEBUG:root:Country (1, 3)is been attacked by player.
DEBUG:root:Attacking...
DEBUG:root:You have clicked Attack button
DEBUG:root:Country (1, 4)is been attacked by player.
DEBUG:root:Human player conquered (1, 4). It used to belong to4
DEBUG:root:Country (2, 3)is been attacked by player.
DEBUG:root:Attacking...
DEBUG:root:You have clicked Attack button
DEBUG:root:Country (1, 4)is been attacked by player.
DEBUG:root:Attacking...
DEBUG:root:You have clicked Attack button
DEBUG:root:Country (1, 4)is been attacked by player.
DEBUG:root:Human player conquered (1, 4). It used to belong to4
DEBUG:root:Country (2, 3)is been attacked by player.
DEBUG:root:Human player conquered (2, 3). It used to belong to3
DEBUG:root:Country (3, 4)is been attacked by player.
DEBUG:root:Human player conquered (3, 4). It used to belong to2
DEBUG:root:Attacking...
INFO:root:Exit game
INFO:root:Exit game
DEBUG:root:You have clicked Attack button
DEBUG:root:Country (0, 18)is been attacked by player.
DEBUG:root:Human player conquered (0, 18). It used to belong to16
DEBUG:root:Country (0, 20)is been attacked by player.
DEBUG:root:Attacking...
DEBUG:root:You have clicked Attack button
DEBUG:root:Country (0, 20)is been attacked by player.
DEBUG:root:Attacking...
DEBUG:root:You have clicked Attack button
DEBUG:root:Country (2, 18)is been attacked by player.
DEBUG:root:Attacking...
DEBUG:root:You have clicked Attack button
DEBUG:root:Country (2, 18)is been attacked by player.
DEBUG:root:Human player conquered (2, 18). It used to belong to12
DEBUG:root:Country (3, 17)is been attacked by player.
DEBUG:root:Human player conquered (3, 17). It used to belong to8
DEBUG:root:Country (3, 19)is been attacked by player.
DEBUG:root:Attacking...
DEBUG:root:You have clicked Attack button
DEBUG:root:Country (4, 20)is been attacked by player.
DEBUG:root:Human player conquered (4, 20). It used to belong to3
DEBUG:root:Country (5, 19)is been attacked by player.
DEBUG:root:Human player conquered (5, 19). It used to belong to19
DEBUG:root:Country (5, 21)is been attacked by player.
DEBUG:root:Attacking...
DEBUG:root:You have clicked Attack button
DEBUG:root:Country (4, 20)is been attacked by player.
DEBUG:root:Human player conquered (4, 20). It used to belong to2
DEBUG:root:Country (5, 21)is been attacked by player.
DEBUG:root:Human player conquered (5, 21). It used to belong to12
DEBUG:root:Country (6, 20)is been attacked by player.
DEBUG:root:Human player conquered (6, 20). It used to belong to8
DEBUG:root:Attacking...
DEBUG:root:You have clicked Attack button
DEBUG:root:Country (6, 19)is been attacked by player.
DEBUG:root:Attacking...
DEBUG:root:You have clicked Attack button
DEBUG:root:Country (11, 18)is been attacked by player.
DEBUG:root:Human player conquered (11, 18). It used to belong to18
DEBUG:root:Country (12, 17)is been attacked by player.
DEBUG:root:Attacking...
DEBUG:root:You have clicked Attack button
DEBUG:root:Country (23, 20)is been attacked by player.
DEBUG:root:Human player conquered (23, 20). It used to belong to15
DEBUG:root:Country (24, 19)is been attacked by player.
DEBUG:root:Human player conquered (24, 19). It used to belong to16
DEBUG:root:Country (24, 21)is been attacked by player.
DEBUG:root:Human player conquered (24, 21). It used to belong to24
DEBUG:root:Attacking...
DEBUG:root:You have clicked Attack button
DEBUG:root:Country (23, 21)is been attacked by player.
DEBUG:root:Human player conquered (23, 21). It used to belong to1
DEBUG:root:Country (24, 22)is been attacked by player.
DEBUG:root:Human player conquered (24, 22). It used to belong to24
DEBUG:root:Attacking...
DEBUG:root:You have clicked Attack button
DEBUG:root:Country (23, 22)is been attacked by player.
DEBUG:root:Attacking...
DEBUG:root:You have clicked Attack button
DEBUG:root:Country (23, 22)is been attacked by player.
DEBUG:root:Attacking...
DEBUG:root:You have clicked Attack button
DEBUG:root:Country (22, 21)is been attacked by player.
DEBUG:root:Attacking...
DEBUG:root:You have clicked Attack button
DEBUG:root:Country (13, 11)is been attacked by player.
DEBUG:root:Attacking...
DEBUG:root:You have clicked Next_Turn button
DEBUG:root:You have clicked Next_Turn button
DEBUG:root:You have clicked Next_Turn button
DEBUG:root:You have clicked Next_Turn button
DEBUG:root:You have clicked Next_Turn button
DEBUG:root:You have clicked Next_Turn button
DEBUG:root:You have clicked Next_Turn button
DEBUG:root:You have clicked Next_Turn button
DEBUG:root:You have clicked Next_Turn button
DEBUG:root:You have clicked Next_Turn button
DEBUG:root:You have clicked Next_Turn button
DEBUG:root:You have clicked Next_Turn button
DEBUG:root:You have clicked Next_Turn button
DEBUG:root:You have clicked Next_Turn button
DEBUG:root:You have clicked Next_Turn button
DEBUG:root:You have clicked Next_Turn button
DEBUG:root:You have clicked Next_Turn button
DEBUG:root:You have clicked Next_Turn button
DEBUG:root:You have clicked Next_Turn button
DEBUG:root:You have clicked Next_Turn button
DEBUG:root:You have clicked Next_Turn button
DEBUG:root:You have clicked Next_Turn button
DEBUG:root:You have clicked Next_Turn button
DEBUG:root:You have clicked Next_Turn button
DEBUG:root:You have clicked Next_Turn button
DEBUG:root:You have clicked Next_Turn button
DEBUG:root:You have clicked Next_Turn button
DEBUG:root:You have clicked Next_Turn button
DEBUG:root:You have clicked Next_Turn button
DEBUG:root:You have clicked Next_Turn button
DEBUG:root:You have clicked Next_Turn button
DEBUG:root:You have clicked Next_Turn button
DEBUG:root:You have clicked Next_Turn button
DEBUG:root:You have clicked Next_Turn button
DEBUG:root:You have clicked Next_Turn button
DEBUG:root:You have clicked Next_Turn button
DEBUG:root:You have clicked Next_Turn button
DEBUG:root:You have clicked Next_Turn button
DEBUG:root:You have clicked Next_Turn button
DEBUG:root:You have clicked Attack button
DEBUG:root:Country (23, 21)is been attacked by player.
DEBUG:root:Attacking...
DEBUG:root:You have clicked Attack button
DEBUG:root:Country (23, 21)is been attacked by player.
DEBUG:root:Attacking...
DEBUG:root:You have clicked Attack button
DEBUG:root:Country (9, 22)is been attacked by player.
DEBUG:root:Human player conquered (9, 22). It used to belong to18
DEBUG:root:Country (10, 21)is been attacked by player.
DEBUG:root:Human player conquered (10, 21). It used to belong to18
DEBUG:root:Country (10, 23)is been attacked by player.
DEBUG:root:Human player conquered (10, 23). It used to belong to21
DEBUG:root:Country (11, 22)is been attacked by player.
DEBUG:root:Human player conquered (11, 22). It used to belong to21
DEBUG:root:Attacking...
DEBUG:root:You have clicked Attack button
DEBUG:root:Country (11, 21)is been attacked by player.
DEBUG:root:Human player conquered (11, 21). It used to belong to21
DEBUG:root:Country (11, 23)is been attacked by player.
DEBUG:root:Attacking...
DEBUG:root:You have clicked Attack button
DEBUG:root:Country (18, 16)is been attacked by player.
DEBUG:root:Attacking...
DEBUG:root:You have clicked Attack button
DEBUG:root:Country (11, 23)is been attacked by player.
DEBUG:root:Attacking...
DEBUG:root:You have clicked Attack button
DEBUG:root:Country (9, 23)is been attacked by player.
DEBUG:root:Human player conquered (9, 23). It used to belong to18
DEBUG:root:Country (10, 24)is been attacked by player.
DEBUG:root:Attacking...
DEBUG:root:You have clicked Attack button
DEBUG:root:Country (8, 22)is been attacked by player.
DEBUG:root:Human player conquered (8, 22). It used to belong to19
DEBUG:root:Country (9, 21)is been attacked by player.
DEBUG:root:Attacking...
DEBUG:root:You have clicked Attack button
DEBUG:root:Country (18, 16)is been attacked by player.
DEBUG:root:Attacking...
INFO:root:Exit game
INFO:root:Exit game
INFO:root:Exit game
INFO:root:Exit game
INFO:root:Exit game
INFO:root:Exit game
INFO:root:Exit game
DEBUG:root:You have clicked Start button
DEBUG:root:You have clicked Start button
DEBUG:root:You have clicked Start button
DEBUG:root:You have clicked Start button
DEBUG:root:You have clicked Start button
DEBUG:root:You have clicked Start button
DEBUG:root:You have clicked Start button
DEBUG:root:You have clicked Start button
DEBUG:root:You have clicked Start button
DEBUG:root:You have clicked Start button
DEBUG:root:You have clicked Start button
DEBUG:root:You have clicked Start button
DEBUG:root:You have clicked Start button
DEBUG:root:You have clicked Start button
DEBUG:root:You have clicked Start button
DEBUG:root:You have clicked Start button
DEBUG:root:You have clicked Start button
DEBUG:root:You have clicked Start button
DEBUG:root:You have clicked Start button
DEBUG:root:You have clicked Start button
INFO:root:Exit game
DEBUG:root:You have clicked Start button
DEBUG:root:You have clicked Next_Turn button
DEBUG:root:You have clicked Next_Turn button
DEBUG:root:You have clicked Next_Turn button
DEBUG:root:You have clicked Next_Turn button
DEBUG:root:You have clicked Next_Turn button
DEBUG:root:You have clicked Next_Turn button
DEBUG:root:You have clicked Next_Turn button
DEBUG:root:You have clicked Next_Turn button
DEBUG:root:You have clicked Next_Turn button
DEBUG:root:You have clicked Next_Turn button
DEBUG:root:You have clicked Next_Turn button
DEBUG:root:You have clicked Next_Turn button
DEBUG:root:You have clicked Next_Turn button
DEBUG:root:You have clicked Next_Turn button
DEBUG:root:You have clicked Next_Turn button
DEBUG:root:You have clicked Next_Turn button
DEBUG:root:You have clicked Next_Turn button
DEBUG:root:You have clicked Next_Turn button
DEBUG:root:You have clicked Next_Turn button
DEBUG:root:You have clicked Next_Turn button
DEBUG:root:You have clicked Next_Turn button
DEBUG:root:You have clicked Next_Turn button
DEBUG:root:You have clicked Next_Turn button
DEBUG:root:You have clicked Next_Turn button
DEBUG:root:You have clicked Next_Turn button
DEBUG:root:You have clicked Next_Turn button
DEBUG:root:You have clicked Next_Turn button
DEBUG:root:You have clicked Next_Turn button
DEBUG:root:You have clicked Next_Turn button
DEBUG:root:You have clicked Next_Turn button
DEBUG:root:You have clicked Next_Turn button
DEBUG:root:You have clicked Next_Turn button
DEBUG:root:You have clicked Next_Turn button
DEBUG:root:You have clicked Next_Turn button
DEBUG:root:You have clicked Next_Turn button
DEBUG:root:You have clicked Next_Turn button
DEBUG:root:You have clicked Next_Turn button
DEBUG:root:You have clicked Next_Turn button
DEBUG:root:You have clicked Next_Turn button
DEBUG:root:You have clicked Next_Turn button
DEBUG:root:You have clicked Next_Turn button
DEBUG:root:You have clicked Next_Turn button
DEBUG:root:You have clicked Next_Turn button
DEBUG:root:You have clicked Next_Turn button
DEBUG:root:You have clicked Next_Turn button
DEBUG:root:You have clicked Next_Turn button
DEBUG:root:You have clicked Next_Turn button
DEBUG:root:You have clicked Next_Turn button
DEBUG:root:You have clicked Next_Turn button
DEBUG:root:You have clicked Next_Turn button
DEBUG:root:You have clicked Next_Turn button
DEBUG:root:You have clicked Next_Turn button
DEBUG:root:You have clicked Next_Turn button
DEBUG:root:You have clicked Next_Turn button
DEBUG:root:You have clicked Next_Turn button
DEBUG:root:You have clicked Next_Turn button
DEBUG:root:You have clicked Next_Turn button
DEBUG:root:You have clicked Next_Turn button
DEBUG:root:You have clicked Next_Turn button
DEBUG:root:You have clicked Next_Turn button
DEBUG:root:You have clicked Next_Turn button
DEBUG:root:You have clicked Next_Turn button
DEBUG:root:You have clicked Next_Turn button
DEBUG:root:You have clicked Next_Turn button
DEBUG:root:You have clicked Next_Turn button
DEBUG:root:You have clicked Next_Turn button
DEBUG:root:You have clicked Next_Turn button
DEBUG:root:You have clicked Next_Turn button
DEBUG:root:You have clicked Next_Turn button
DEBUG:root:You have clicked Next_Turn button
DEBUG:root:You have clicked Next_Turn button
DEBUG:root:You have clicked Next_Turn button
DEBUG:root:You have clicked Next_Turn button
DEBUG:root:You have clicked Next_Turn button
DEBUG:root:You have clicked Next_Turn button
DEBUG:root:You have clicked Next_Turn button
DEBUG:root:You have clicked Next_Turn button
DEBUG:root:You have clicked Next_Turn button
DEBUG:root:You have clicked Next_Turn button
DEBUG:root:You have clicked Next_Turn button
DEBUG:root:You have clicked Next_Turn button
DEBUG:root:You have clicked Next_Turn button
DEBUG:root:You have clicked Next_Turn button
DEBUG:root:You have clicked Next_Turn button
DEBUG:root:You have clicked Next_Turn button
DEBUG:root:You have clicked Next_Turn button
DEBUG:root:You have clicked Next_Turn button
DEBUG:root:You have clicked Next_Turn button
DEBUG:root:You have clicked Next_Turn button
DEBUG:root:You have clicked Next_Turn button
DEBUG:root:You have clicked Next_Turn button
DEBUG:root:You have clicked Next_Turn button
DEBUG:root:You have clicked Next_Turn button
DEBUG:root:You have clicked Next_Turn button
DEBUG:root:You have clicked Next_Turn button
DEBUG:root:You have clicked Next_Turn button
DEBUG:root:You have clicked Next_Turn button
DEBUG:root:You have clicked Next_Turn button
DEBUG:root:You have clicked Next_Turn button
DEBUG:root:You have clicked Next_Turn button
DEBUG:root:You have clicked Next_Turn button
DEBUG:root:You have clicked Next_Turn button
DEBUG:root:You have clicked Next_Turn button
DEBUG:root:You have clicked Next_Turn button
DEBUG:root:You have clicked Next_Turn button
INFO:root:Exit game
DEBUG:root:You have clicked Start button
DEBUG:root:You have clicked Attack button
DEBUG:root:Country (1, 3)is been attacked by player.
DEBUG:root:Attacking...
DEBUG:root:You have clicked Next_Turn button
DEBUG:root:You have clicked Next_Turn button
DEBUG:root:You have clicked Next_Turn button
DEBUG:root:You have clicked Next_Turn button
DEBUG:root:You have clicked Next_Turn button
DEBUG:root:You have clicked Next_Turn button
DEBUG:root:You have clicked Next_Turn button
DEBUG:root:You have clicked Next_Turn button
DEBUG:root:You have clicked Next_Turn button
DEBUG:root:You have clicked Next_Turn button
DEBUG:root:You have clicked Next_Turn button
DEBUG:root:You have clicked Next_Turn button
DEBUG:root:You have clicked Next_Turn button
DEBUG:root:You have clicked Next_Turn button
DEBUG:root:You have clicked Next_Turn button
DEBUG:root:You have clicked Next_Turn button
DEBUG:root:You have clicked Next_Turn button
INFO:root:Exit game
DEBUG:root:You have clicked Start button
DEBUG:root:You have clicked Attack button
DEBUG:root:Country (8, 4)is been attacked by player.
DEBUG:root:Attacking...
DEBUG:root:You have clicked Attack button
DEBUG:root:Country (6, 4)is been attacked by player.
DEBUG:root:Attacking...
DEBUG:root:You have clicked Attack button
DEBUG:root:Country (7, 3)is been attacked by player.
DEBUG:root:Attacking...
DEBUG:root:You have clicked Attack button
DEBUG:root:Country (6, 6)is been attacked by player.
DEBUG:root:Attacking...
DEBUG:root:You have clicked Attack button
DEBUG:root:Country (8, 4)is been attacked by player.
DEBUG:root:Attacking...
DEBUG:root:You have clicked Attack button
DEBUG:root:Country (7, 3)is been attacked by player.
DEBUG:root:Attacking...
DEBUG:root:You have clicked Attack button
DEBUG:root:Country (8, 4)is been attacked by player.
DEBUG:root:Human player conquered (8, 4). It used to belong to6
DEBUG:root:Attacking...
DEBUG:root:You have clicked Attack button
DEBUG:root:Country (7, 3)is been attacked by player.
DEBUG:root:Human player conquered (7, 3). It used to belong to9
DEBUG:root:Country (8, 4)is been attacked by player.
DEBUG:root:Attacking...
DEBUG:root:You have clicked Attack button
DEBUG:root:Country (7, 4)is been attacked by player.
DEBUG:root:Attacking...
DEBUG:root:You have clicked Attack button
DEBUG:root:Country (8, 5)is been attacked by player.
DEBUG:root:Attacking...
DEBUG:root:You have clicked Attack button
DEBUG:root:Country (7, 4)is been attacked by player.
DEBUG:root:Human player conquered (7, 4). It used to belong to9
DEBUG:root:Attacking...
DEBUG:root:You have clicked Attack button
DEBUG:root:Country (7, 4)is been attacked by player.
DEBUG:root:Attacking...
DEBUG:root:You have clicked Attack button
DEBUG:root:Country (8, 5)is been attacked by player.
DEBUG:root:Human player conquered (8, 5). It used to belong to6
DEBUG:root:Country (9, 4)is been attacked by player.
DEBUG:root:Attacking...
DEBUG:root:You have clicked Next_Turn button
DEBUG:root:You have clicked Next_Turn button
DEBUG:root:You have clicked Next_Turn button
DEBUG:root:You have clicked Next_Turn button
DEBUG:root:You have clicked Next_Turn button
DEBUG:root:You have clicked Next_Turn button
DEBUG:root:You have clicked Next_Turn button
DEBUG:root:You have clicked Next_Turn button
DEBUG:root:You have clicked Next_Turn button
DEBUG:root:You have clicked Next_Turn button
DEBUG:root:You have clicked Next_Turn button
DEBUG:root:You have clicked Next_Turn button
DEBUG:root:You have clicked Next_Turn button
DEBUG:root:You have clicked Next_Turn button
DEBUG:root:You have clicked Next_Turn button
DEBUG:root:You have clicked Next_Turn button
DEBUG:root:You have clicked Next_Turn button
DEBUG:root:You have clicked Next_Turn button
DEBUG:root:You have clicked Next_Turn button
DEBUG:root:You have clicked Next_Turn button
DEBUG:root:You have clicked Next_Turn button
DEBUG:root:You have clicked Next_Turn button
DEBUG:root:You have clicked Next_Turn button
DEBUG:root:You have clicked Next_Turn button
DEBUG:root:You have clicked Next_Turn button
DEBUG:root:You have clicked Next_Turn button
DEBUG:root:You have clicked Next_Turn button
DEBUG:root:You have clicked Next_Turn button
DEBUG:root:You have clicked Next_Turn button
DEBUG:root:You have clicked Next_Turn button
DEBUG:root:You have clicked Next_Turn button
DEBUG:root:You have clicked Next_Turn button
DEBUG:root:You have clicked Next_Turn button
DEBUG:root:You have clicked Next_Turn button
DEBUG:root:You have clicked Next_Turn button
DEBUG:root:You have clicked Next_Turn button
DEBUG:root:You have clicked Next_Turn button
DEBUG:root:You have clicked Next_Turn button
DEBUG:root:You have clicked Next_Turn button
DEBUG:root:You have clicked Next_Turn button
DEBUG:root:You have clicked Next_Turn button
DEBUG:root:You have clicked Next_Turn button
DEBUG:root:You have clicked Next_Turn button
DEBUG:root:You have clicked Next_Turn button
DEBUG:root:You have clicked Next_Turn button
DEBUG:root:You have clicked Next_Turn button
DEBUG:root:You have clicked Next_Turn button
DEBUG:root:You have clicked Next_Turn button
DEBUG:root:You have clicked Next_Turn button
DEBUG:root:You have clicked Next_Turn button
DEBUG:root:You have clicked Next_Turn button
DEBUG:root:You have clicked Next_Turn button
DEBUG:root:You have clicked Next_Turn button
DEBUG:root:You have clicked Next_Turn button
DEBUG:root:You have clicked Next_Turn button
DEBUG:root:You have clicked Next_Turn button
DEBUG:root:You have clicked Next_Turn button
DEBUG:root:You have clicked Next_Turn button
DEBUG:root:You have clicked Next_Turn button
DEBUG:root:You have clicked Next_Turn button
DEBUG:root:You have clicked Next_Turn button
DEBUG:root:You have clicked Next_Turn button
DEBUG:root:You have clicked Next_Turn button
DEBUG:root:You have clicked Next_Turn button
DEBUG:root:You have clicked Next_Turn button
DEBUG:root:You have clicked Next_Turn button
DEBUG:root:You have clicked Next_Turn button
DEBUG:root:You have clicked Next_Turn button
DEBUG:root:You have clicked Next_Turn button
DEBUG:root:You have clicked Next_Turn button
DEBUG:root:You have clicked Next_Turn button
DEBUG:root:You have clicked Next_Turn button
DEBUG:root:You have clicked Next_Turn button
DEBUG:root:You have clicked Next_Turn button
DEBUG:root:You have clicked Next_Turn button
DEBUG:root:You have clicked Next_Turn button
DEBUG:root:You have clicked Next_Turn button
DEBUG:root:You have clicked Next_Turn button
DEBUG:root:You have clicked Next_Turn button
DEBUG:root:You have clicked Next_Turn button
DEBUG:root:You have clicked Next_Turn button
DEBUG:root:You have clicked Next_Turn button
DEBUG:root:You have clicked Next_Turn button
DEBUG:root:You have clicked Next_Turn button
DEBUG:root:You have clicked Next_Turn button
DEBUG:root:You have clicked Next_Turn button
DEBUG:root:You have clicked Next_Turn button
DEBUG:root:You have clicked Next_Turn button
DEBUG:root:You have clicked Next_Turn button
DEBUG:root:You have clicked Next_Turn button
DEBUG:root:You have clicked Next_Turn button
DEBUG:root:You have clicked Next_Turn button
DEBUG:root:You have clicked Next_Turn button
DEBUG:root:You have clicked Next_Turn button
DEBUG:root:You have clicked Next_Turn button
DEBUG:root:You have clicked Next_Turn button
DEBUG:root:You have clicked Next_Turn button
DEBUG:root:You have clicked Next_Turn button
DEBUG:root:You have clicked Next_Turn button
DEBUG:root:You have clicked Next_Turn button
DEBUG:root:You have clicked Next_Turn button
DEBUG:root:You have clicked Next_Turn button
DEBUG:root:You have clicked Next_Turn button
DEBUG:root:You have clicked Next_Turn button
DEBUG:root:You have clicked Next_Turn button
DEBUG:root:You have clicked Next_Turn button
DEBUG:root:You have clicked Next_Turn button
DEBUG:root:You have clicked Next_Turn button
DEBUG:root:You have clicked Next_Turn button
DEBUG:root:You have clicked Next_Turn button
DEBUG:root:You have clicked Next_Turn button
DEBUG:root:You have clicked Next_Turn button
DEBUG:root:You have clicked Next_Turn button
DEBUG:root:You have clicked Next_Turn button
DEBUG:root:You have clicked Next_Turn button
DEBUG:root:You have clicked Next_Turn button
DEBUG:root:You have clicked Next_Turn button
DEBUG:root:You have clicked Next_Turn button
DEBUG:root:You have clicked Next_Turn button
DEBUG:root:You have clicked Next_Turn button
DEBUG:root:You have clicked Next_Turn button
DEBUG:root:You have clicked Next_Turn button
DEBUG:root:You have clicked Next_Turn button
DEBUG:root:You have clicked Next_Turn button
DEBUG:root:You have clicked Next_Turn button
DEBUG:root:You have clicked Next_Turn button
DEBUG:root:You have clicked Next_Turn button
DEBUG:root:You have clicked Next_Turn button
DEBUG:root:You have clicked Next_Turn button
DEBUG:root:You have clicked Next_Turn button
DEBUG:root:You have clicked Next_Turn button
DEBUG:root:You have clicked Next_Turn button
DEBUG:root:You have clicked Next_Turn button
DEBUG:root:You have clicked Next_Turn button
DEBUG:root:You have clicked Next_Turn button
DEBUG:root:You have clicked Next_Turn button
DEBUG:root:You have clicked Next_Turn button
DEBUG:root:You have clicked Next_Turn button
DEBUG:root:You have clicked Next_Turn button
DEBUG:root:You have clicked Next_Turn button
DEBUG:root:You have clicked Next_Turn button
DEBUG:root:You have clicked Next_Turn button
DEBUG:root:You have clicked Next_Turn button
DEBUG:root:You have clicked Next_Turn button
DEBUG:root:You have clicked Next_Turn button
DEBUG:root:You have clicked Next_Turn button
DEBUG:root:You have clicked Next_Turn button
DEBUG:root:You have clicked Next_Turn button
DEBUG:root:You have clicked Next_Turn button
DEBUG:root:You have clicked Next_Turn button
DEBUG:root:You have clicked Next_Turn button
DEBUG:root:You have clicked Next_Turn button
DEBUG:root:You have clicked Next_Turn button
DEBUG:root:You have clicked Next_Turn button
DEBUG:root:You have clicked Next_Turn button
DEBUG:root:You have clicked Next_Turn button
DEBUG:root:You have clicked Next_Turn button
DEBUG:root:You have clicked Next_Turn button
DEBUG:root:You have clicked Next_Turn button
DEBUG:root:You have clicked Next_Turn button
DEBUG:root:You have clicked Next_Turn button
DEBUG:root:You have clicked Next_Turn button
DEBUG:root:You have clicked Next_Turn button
DEBUG:root:You have clicked Next_Turn button
DEBUG:root:You have clicked Next_Turn button
DEBUG:root:You have clicked Next_Turn button
DEBUG:root:You have clicked Next_Turn button
DEBUG:root:You have clicked Next_Turn button
DEBUG:root:You have clicked Next_Turn button
DEBUG:root:You have clicked Next_Turn button
DEBUG:root:You have clicked Next_Turn button
DEBUG:root:You have clicked Next_Turn button
DEBUG:root:You have clicked Next_Turn button
DEBUG:root:You have clicked Next_Turn button
DEBUG:root:You have clicked Next_Turn button
DEBUG:root:You have clicked Next_Turn button
DEBUG:root:You have clicked Next_Turn button
DEBUG:root:You have clicked Next_Turn button
DEBUG:root:You have clicked Next_Turn button
DEBUG:root:You have clicked Next_Turn button
DEBUG:root:You have clicked Next_Turn button
DEBUG:root:You have clicked Next_Turn button
DEBUG:root:You have clicked Next_Turn button
DEBUG:root:You have clicked Next_Turn button
DEBUG:root:You have clicked Next_Turn button
DEBUG:root:You have clicked Next_Turn button
DEBUG:root:You have clicked Next_Turn button
DEBUG:root:You have clicked Next_Turn button
DEBUG:root:You have clicked Next_Turn button
DEBUG:root:You have clicked Next_Turn button
DEBUG:root:You have clicked Next_Turn button
DEBUG:root:You have clicked Next_Turn button
DEBUG:root:You have clicked Next_Turn button
DEBUG:root:You have clicked Next_Turn button
DEBUG:root:You have clicked Next_Turn button
DEBUG:root:You have clicked Next_Turn button
DEBUG:root:You have clicked Next_Turn button
DEBUG:root:You have clicked Next_Turn button
DEBUG:root:You have clicked Next_Turn button
DEBUG:root:You have clicked Next_Turn button
DEBUG:root:You have clicked Next_Turn button
DEBUG:root:You have clicked Next_Turn button
DEBUG:root:You have clicked Next_Turn button
DEBUG:root:You have clicked Next_Turn button
DEBUG:root:You have clicked Next_Turn button
DEBUG:root:You have clicked Next_Turn button
DEBUG:root:You have clicked Next_Turn button
DEBUG:root:You have clicked Next_Turn button
DEBUG:root:You have clicked Next_Turn button
DEBUG:root:You have clicked Next_Turn button
DEBUG:root:You have clicked Next_Turn button
DEBUG:root:You have clicked Next_Turn button
DEBUG:root:You have clicked Next_Turn button
DEBUG:root:You have clicked Next_Turn button
DEBUG:root:You have clicked Next_Turn button
DEBUG:root:You have clicked Next_Turn button
DEBUG:root:You have clicked Next_Turn button
DEBUG:root:You have clicked Next_Turn button
DEBUG:root:You have clicked Next_Turn button
DEBUG:root:You have clicked Next_Turn button
DEBUG:root:You have clicked Next_Turn button
DEBUG:root:You have clicked Next_Turn button
DEBUG:root:You have clicked Next_Turn button
DEBUG:root:You have clicked Next_Turn button
DEBUG:root:You have clicked Next_Turn button
DEBUG:root:You have clicked Next_Turn button
DEBUG:root:You have clicked Next_Turn button
DEBUG:root:You have clicked Next_Turn button
DEBUG:root:You have clicked Next_Turn button
DEBUG:root:You have clicked Next_Turn button
DEBUG:root:You have clicked Next_Turn button
DEBUG:root:You have clicked Next_Turn button
DEBUG:root:You have clicked Next_Turn button
DEBUG:root:You have clicked Next_Turn button
DEBUG:root:You have clicked Next_Turn button
DEBUG:root:You have clicked Next_Turn button
DEBUG:root:You have clicked Next_Turn button
DEBUG:root:You have clicked Next_Turn button
DEBUG:root:You have clicked Next_Turn button
DEBUG:root:You have clicked Next_Turn button
DEBUG:root:You have clicked Next_Turn button
DEBUG:root:You have clicked Next_Turn button
DEBUG:root:You have clicked Next_Turn button
DEBUG:root:You have clicked Next_Turn button
DEBUG:root:You have clicked Next_Turn button
DEBUG:root:You have clicked Next_Turn button
DEBUG:root:You have clicked Next_Turn button
DEBUG:root:You have clicked Next_Turn button
DEBUG:root:You have clicked Next_Turn button
DEBUG:root:You have clicked Next_Turn button
DEBUG:root:You have clicked Next_Turn button
DEBUG:root:You have clicked Next_Turn button
DEBUG:root:You have clicked Next_Turn button
DEBUG:root:You have clicked Next_Turn button
DEBUG:root:You have clicked Next_Turn button
DEBUG:root:You have clicked Next_Turn button
INFO:root:Exit game
DEBUG:root:You have clicked Start button
DEBUG:root:You have clicked Attack button
DEBUG:root:Country (1, 4)is been attacked by player.
DEBUG:root:Human player conquered (1, 4). It used to belong to1
DEBUG:root:Country (3, 4)is been attacked by player.
DEBUG:root:Human player conquered (3, 4). It used to belong to3
DEBUG:root:Attacking...
DEBUG:root:You have clicked Next_Turn button
DEBUG:root:You have clicked Next_Turn button
DEBUG:root:You have clicked Next_Turn button
DEBUG:root:You have clicked Next_Turn button
DEBUG:root:You have clicked Next_Turn button
DEBUG:root:You have clicked Next_Turn button
DEBUG:root:You have clicked Next_Turn button
DEBUG:root:You have clicked Next_Turn button
DEBUG:root:You have clicked Next_Turn button
DEBUG:root:You have clicked Next_Turn button
DEBUG:root:You have clicked Next_Turn button
DEBUG:root:You have clicked Next_Turn button
DEBUG:root:You have clicked Next_Turn button
DEBUG:root:You have clicked Next_Turn button
DEBUG:root:You have clicked Next_Turn button
DEBUG:root:You have clicked Next_Turn button
DEBUG:root:You have clicked Next_Turn button
DEBUG:root:You have clicked Next_Turn button
DEBUG:root:You have clicked Next_Turn button
DEBUG:root:You have clicked Next_Turn button
INFO:root:Exit game
